<?xml version="1.0" encoding="UTF-8"?>
<testsuites name="visual" time="91.678" tests="5" failures="0" errors="0">
   <testsuite name="New Test Suite" tests="5" failures="0" errors="0" time="86.363" skipped="0" timestamp="2023-11-03 17:46:31" hostname="anshu - BMT-LAP-133" id="Test Suites/New Test Suite">
      <properties>
         <property name="deviceName" value=""/>
         <property name="devicePlatform" value=""/>
         <property name="logFolder" value="C:\\Users\\anshu\\git\\Katalon-project\\Reports\\20231103_174625\\New Test Suite\\20231103_174626"/>
         <property name="logFiles" value="C:\\Users\\anshu\\git\\Katalon-project\\Reports\\20231103_174625\\New Test Suite\\20231103_174626\\execution0.log"/>
         <property name="attachments" value="keyes\keyes-feed-toggle.png, keyes\keyes-Shacara.png, keyes\keyes-banner.png, keyes\keyes-main.png, keyes\keyes-GLUXAddressBlook.png"/>
         <property name="hostName" value="anshu - BMT-LAP-133"/>
         <property name="os" value="Windows 11 64bit"/>
         <property name="katalonVersion" value="8.6.8.208"/>
         <property name="browser" value="Chrome 118.0.0.0"/>
         <property name="hostAddress" value="192.168.82.8"/>
         <property name="sessionId" value="3302e95f7747b9d7b579db8bbaf7a47f"/>
         <property name="seleniumVersion" value="3.141.59"/>
         <property name="proxyInformation" value="ProxyInformation { proxyOption=NO_PROXY, proxyServerType=HTTP, username=, password=********, proxyServerAddress=, proxyServerPort=0, executionList=&quot;&quot;, isApplyToDesiredCapabilities=true }"/>
         <property name="platform" value="Windows 11"/>
      </properties>
      <testcase name="Test Cases/Visual test cases/Check feed" time="17.903" classname="Test Cases/Visual test cases/Check feed" status="PASSED">
         <system-out><![CDATA[2023-11-03 17:46:31 - [TEST_CASE][PASSED] - Test Cases/Visual test cases/Check feed: Test Cases/Visual test cases/Check feed

2023-11-03 17:46:31 - [TEST_STEP][PASSED] - openBrowser(""): Browser is opened with url: ''

2023-11-03 17:46:32 - [MESSAGE][INFO] - Starting 'Chrome' driver

2023-11-03 17:46:32 - [MESSAGE][INFO] - Action delay is set to 0 milliseconds

2023-11-03 17:46:35 - [MESSAGE][PASSED] - Browser is opened with url: ''

2023-11-03 17:46:35 - [TEST_STEP][PASSED] - navigateToUrl("https://demo.realworld.io/#/"): Navigate to 'https://demo.realworld.io/#/' successfully

2023-11-03 17:46:40 - [MESSAGE][PASSED] - Navigate to 'https://demo.realworld.io/#/' successfully

2023-11-03 17:46:40 - [TEST_STEP][PASSED] - click(findTestObject("Object Repository/Page_Home  Conduit/a_Global Feed")): Object: 'Object Repository/Page_Home  Conduit/a_Global Feed' is clicked on

2023-11-03 17:46:45 - [MESSAGE][PASSED] - Object: 'Object Repository/Page_Home  Conduit/a_Global Feed' is clicked on

2023-11-03 17:46:45 - [TEST_STEP][PASSED] - click(findTestObject("Object Repository/Page_Home  Conduit/ul_Your Feed                               _ddf8ea")): Object: 'Object Repository/Page_Home  Conduit/ul_Your Feed                               _ddf8ea' is clicked on

2023-11-03 17:46:47 - [MESSAGE][PASSED] - Object: 'Object Repository/Page_Home  Conduit/ul_Your Feed                               _ddf8ea' is clicked on

2023-11-03 17:46:47 - [TEST_STEP][PASSED] - takeScreenshotAsCheckpoint("feed-toggle"): Taking screenshot successfully

2023-11-03 17:46:48 - [MESSAGE][INFO] - 0 hidden object(s)

2023-11-03 17:46:48 - [MESSAGE][PASSED] - Taking screenshot successfully
[[ATTACHMENT|keyes\keyes-feed-toggle.png]]

2023-11-03 17:46:48 - [TEST_STEP][PASSED] - closeBrowser(): Browser is closed

2023-11-03 17:46:49 - [MESSAGE][PASSED] - Browser is closed]]></system-out>
         <system-err><![CDATA[]]></system-err>
      </testcase>
      <testcase name="Test Cases/Visual test cases/Shooping sites" time="22.019" classname="Test Cases/Visual test cases/Shooping sites" status="PASSED">
         <system-out><![CDATA[2023-11-03 17:46:49 - [TEST_CASE][PASSED] - Test Cases/Visual test cases/Shooping sites: Test Cases/Visual test cases/Shooping sites

2023-11-03 17:46:49 - [TEST_STEP][PASSED] - openBrowser(""): Browser is opened with url: ''

2023-11-03 17:46:49 - [MESSAGE][INFO] - Starting 'Chrome' driver

2023-11-03 17:46:49 - [MESSAGE][INFO] - Action delay is set to 0 milliseconds

2023-11-03 17:46:51 - [MESSAGE][PASSED] - Browser is opened with url: ''

2023-11-03 17:46:51 - [TEST_STEP][PASSED] - navigateToUrl("https://shacara.com/"): Navigate to 'https://shacara.com/' successfully

2023-11-03 17:47:07 - [MESSAGE][PASSED] - Navigate to 'https://shacara.com/' successfully

2023-11-03 17:47:07 - [TEST_STEP][PASSED] - click(findTestObject("Object Repository/Page_Shacara, Fashion Social Network/h3_Shacara")): Object: 'Object Repository/Page_Shacara, Fashion Social Network/h3_Shacara' is clicked on

2023-11-03 17:47:09 - [MESSAGE][PASSED] - Object: 'Object Repository/Page_Shacara, Fashion Social Network/h3_Shacara' is clicked on

2023-11-03 17:47:09 - [TEST_STEP][PASSED] - takeScreenshotAsCheckpoint("Shacara"): Taking screenshot successfully

2023-11-03 17:47:11 - [MESSAGE][INFO] - 0 hidden object(s)

2023-11-03 17:47:11 - [MESSAGE][PASSED] - Taking screenshot successfully
[[ATTACHMENT|keyes\keyes-Shacara.png]]]]></system-out>
         <system-err><![CDATA[]]></system-err>
      </testcase>
      <testcase name="Test Cases/Visual test cases/Testing web" time="13.812" classname="Test Cases/Visual test cases/Testing web" status="PASSED">
         <system-out><![CDATA[2023-11-03 17:47:11 - [TEST_CASE][PASSED] - Test Cases/Visual test cases/Testing web: Test Cases/Visual test cases/Testing web

2023-11-03 17:47:11 - [TEST_STEP][PASSED] - openBrowser(""): Browser is opened with url: ''

2023-11-03 17:47:11 - [MESSAGE][WARNING] - A browser is already opened. Closing browser and opening a new one

2023-11-03 17:47:12 - [MESSAGE][INFO] - Starting 'Chrome' driver

2023-11-03 17:47:12 - [MESSAGE][INFO] - Action delay is set to 0 milliseconds

2023-11-03 17:47:13 - [MESSAGE][PASSED] - Browser is opened with url: ''

2023-11-03 17:47:13 - [TEST_STEP][PASSED] - navigateToUrl("https://demo.realworld.io/#/"): Navigate to 'https://demo.realworld.io/#/' successfully

2023-11-03 17:47:20 - [MESSAGE][PASSED] - Navigate to 'https://demo.realworld.io/#/' successfully

2023-11-03 17:47:20 - [TEST_STEP][PASSED] - takeScreenshotAsCheckpoint("banner"): Taking screenshot successfully

2023-11-03 17:47:23 - [MESSAGE][INFO] - 0 hidden object(s)

2023-11-03 17:47:23 - [MESSAGE][PASSED] - Taking screenshot successfully
[[ATTACHMENT|keyes\keyes-banner.png]]

2023-11-03 17:47:23 - [TEST_STEP][PASSED] - click(findTestObject("Object Repository/Page_Home  Conduit/h1_conduit")): Object: 'Object Repository/Page_Home  Conduit/h1_conduit' is clicked on

2023-11-03 17:47:24 - [MESSAGE][PASSED] - Object: 'Object Repository/Page_Home  Conduit/h1_conduit' is clicked on

2023-11-03 17:47:24 - [TEST_STEP][PASSED] - closeBrowser(): Browser is closed

2023-11-03 17:47:25 - [MESSAGE][PASSED] - Browser is closed]]></system-out>
         <system-err><![CDATA[]]></system-err>
      </testcase>
      <testcase name="Test Cases/Visual test cases/visual test case 1" time="20.914" classname="Test Cases/Visual test cases/visual test case 1" status="PASSED">
         <system-out><![CDATA[2023-11-03 17:47:25 - [TEST_CASE][PASSED] - Test Cases/Visual test cases/visual test case 1: Test Cases/Visual test cases/visual test case 1

2023-11-03 17:47:25 - [TEST_STEP][PASSED] - openBrowser(""): Browser is opened with url: ''

2023-11-03 17:47:25 - [MESSAGE][INFO] - Starting 'Chrome' driver

2023-11-03 17:47:25 - [MESSAGE][INFO] - Action delay is set to 0 milliseconds

2023-11-03 17:47:27 - [MESSAGE][PASSED] - Browser is opened with url: ''

2023-11-03 17:47:27 - [TEST_STEP][PASSED] - navigateToUrl("https://webflow.com/"): Navigate to 'https://webflow.com/' successfully

2023-11-03 17:47:40 - [MESSAGE][PASSED] - Navigate to 'https://webflow.com/' successfully

2023-11-03 17:47:40 - [TEST_STEP][PASSED] - takeScreenshotAsCheckpoint("main"): Taking screenshot successfully

2023-11-03 17:47:43 - [MESSAGE][INFO] - 0 hidden object(s)

2023-11-03 17:47:44 - [MESSAGE][PASSED] - Taking screenshot successfully
[[ATTACHMENT|keyes\keyes-main.png]]

2023-11-03 17:47:44 - [TEST_STEP][PASSED] - click(findTestObject("Object Repository/Page_Webflow Create a custom website  Visua_cc4ae5/body_-webkit-font-smoothing antialiased-moz_a10992")): Object: 'Object Repository/Page_Webflow Create a custom website  Visua_cc4ae5/body_-webkit-font-smoothing antialiased-moz_a10992' is clicked on

2023-11-03 17:47:46 - [MESSAGE][PASSED] - Object: 'Object Repository/Page_Webflow Create a custom website  Visua_cc4ae5/body_-webkit-font-smoothing antialiased-moz_a10992' is clicked on]]></system-out>
         <system-err><![CDATA[]]></system-err>
      </testcase>
      <testcase name="Test Cases/Visual test cases/Visual test case2" time="11.314" classname="Test Cases/Visual test cases/Visual test case2" status="PASSED">
         <system-out><![CDATA[2023-11-03 17:47:46 - [TEST_CASE][PASSED] - Test Cases/Visual test cases/Visual test case2: Test Cases/Visual test cases/Visual test case2

2023-11-03 17:47:48 - [TEST_STEP][PASSED] - openBrowser(""): Browser is opened with url: ''

2023-11-03 17:47:48 - [MESSAGE][WARNING] - A browser is already opened. Closing browser and opening a new one

2023-11-03 17:47:48 - [MESSAGE][INFO] - Starting 'Chrome' driver

2023-11-03 17:47:48 - [MESSAGE][INFO] - Action delay is set to 0 milliseconds

2023-11-03 17:47:50 - [MESSAGE][PASSED] - Browser is opened with url: ''

2023-11-03 17:47:50 - [TEST_STEP][PASSED] - navigateToUrl("https://www.amazon.in/"): Navigate to 'https://www.amazon.in/' successfully

2023-11-03 17:47:52 - [MESSAGE][PASSED] - Navigate to 'https://www.amazon.in/' successfully

2023-11-03 17:47:52 - [TEST_STEP][PASSED] - click(findTestObject("Object Repository/Page_Online Shopping site in India Shop Onl_10c5f3/span_Update location")): Object: 'Object Repository/Page_Online Shopping site in India Shop Onl_10c5f3/span_Update location' is clicked on

2023-11-03 17:47:53 - [MESSAGE][PASSED] - Object: 'Object Repository/Page_Online Shopping site in India Shop Onl_10c5f3/span_Update location' is clicked on

2023-11-03 17:47:53 - [TEST_STEP][PASSED] - click(findTestObject("Object Repository/Page_Online Shopping site in India Shop Onl_10c5f3/header_Choose your locationChoose your location")): Object: 'Object Repository/Page_Online Shopping site in India Shop Onl_10c5f3/header_Choose your locationChoose your location' is clicked on

2023-11-03 17:47:55 - [MESSAGE][PASSED] - Object: 'Object Repository/Page_Online Shopping site in India Shop Onl_10c5f3/header_Choose your locationChoose your location' is clicked on

2023-11-03 17:47:55 - [TEST_STEP][PASSED] - takeScreenshotAsCheckpoint("GLUXAddressBlook"): Taking screenshot successfully

2023-11-03 17:47:56 - [MESSAGE][INFO] - 0 hidden object(s)

2023-11-03 17:47:56 - [MESSAGE][PASSED] - Taking screenshot successfully
[[ATTACHMENT|keyes\keyes-GLUXAddressBlook.png]]

2023-11-03 17:47:56 - [TEST_STEP][PASSED] - closeBrowser(): Browser is closed

2023-11-03 17:47:57 - [MESSAGE][PASSED] - Browser is closed]]></system-out>
         <system-err><![CDATA[]]></system-err>
      </testcase>
      <system-out><![CDATA[2023-11-03 17:46:31 - [TEST_SUITE][PASSED] - New Test Suite: Test Cases/Visual test cases/Visual test case2]]></system-out>
      <system-err><![CDATA[]]></system-err>
   </testsuite>
</testsuites>
