<?xml version="1.0" encoding="UTF-8"?>
<testsuites name="New Test Suite" time="97.057" tests="5" failures="0" errors="0">
   <testsuite name="New Test Suite" tests="5" failures="0" errors="0" time="97.057" skipped="0" timestamp="2023-11-03 17:41:05" hostname="anshu - BMT-LAP-133" id="Test Suites/New Test Suite">
      <properties>
         <property name="deviceName" value=""/>
         <property name="devicePlatform" value=""/>
         <property name="logFolder" value="C:\\Users\\anshu\\git\\Katalon-project\\Reports\\20231103_174100\\New Test Suite\\20231103_174100"/>
         <property name="logFiles" value="C:\\Users\\anshu\\git\\Katalon-project\\Reports\\20231103_174100\\New Test Suite\\20231103_174100\\execution0.log"/>
         <property name="attachments" value="keyes\keyes-feed-toggle.png, keyes\keyes-Shacara.png, keyes\keyes-banner.png, keyes\keyes-main.png, keyes\keyes-GLUXAddressBlook.png"/>
         <property name="hostName" value="anshu - BMT-LAP-133"/>
         <property name="os" value="Windows 11 64bit"/>
         <property name="katalonVersion" value="8.6.8.208"/>
         <property name="browser" value="Chrome 118.0.0.0"/>
         <property name="hostAddress" value="192.168.82.8"/>
         <property name="sessionId" value="6b860936f19839785958c1982187e3e0"/>
         <property name="seleniumVersion" value="3.141.59"/>
         <property name="proxyInformation" value="ProxyInformation { proxyOption=NO_PROXY, proxyServerType=HTTP, username=, password=********, proxyServerAddress=, proxyServerPort=0, executionList=&quot;&quot;, isApplyToDesiredCapabilities=true }"/>
         <property name="platform" value="Windows 11"/>
      </properties>
      <testcase name="Test Cases/Visual test cases/Check feed" time="18.864" classname="Test Cases/Visual test cases/Check feed" status="PASSED">
         <system-out><![CDATA[2023-11-03 17:41:06 - [TEST_CASE][PASSED] - Test Cases/Visual test cases/Check feed: Test Cases/Visual test cases/Check feed

2023-11-03 17:41:06 - [TEST_STEP][PASSED] - openBrowser(""): Browser is opened with url: ''

2023-11-03 17:41:07 - [MESSAGE][INFO] - Starting 'Chrome' driver

2023-11-03 17:41:07 - [MESSAGE][INFO] - Action delay is set to 0 milliseconds

2023-11-03 17:41:10 - [MESSAGE][PASSED] - Browser is opened with url: ''

2023-11-03 17:41:10 - [TEST_STEP][PASSED] - navigateToUrl("https://demo.realworld.io/#/"): Navigate to 'https://demo.realworld.io/#/' successfully

2023-11-03 17:41:15 - [MESSAGE][PASSED] - Navigate to 'https://demo.realworld.io/#/' successfully

2023-11-03 17:41:15 - [TEST_STEP][PASSED] - click(findTestObject("Object Repository/Page_Home  Conduit/a_Global Feed")): Object: 'Object Repository/Page_Home  Conduit/a_Global Feed' is clicked on

2023-11-03 17:41:20 - [MESSAGE][PASSED] - Object: 'Object Repository/Page_Home  Conduit/a_Global Feed' is clicked on

2023-11-03 17:41:20 - [TEST_STEP][PASSED] - click(findTestObject("Object Repository/Page_Home  Conduit/ul_Your Feed                               _ddf8ea")): Object: 'Object Repository/Page_Home  Conduit/ul_Your Feed                               _ddf8ea' is clicked on

2023-11-03 17:41:23 - [MESSAGE][PASSED] - Object: 'Object Repository/Page_Home  Conduit/ul_Your Feed                               _ddf8ea' is clicked on

2023-11-03 17:41:23 - [TEST_STEP][PASSED] - takeScreenshotAsCheckpoint("feed-toggle"): Taking screenshot successfully

2023-11-03 17:41:24 - [MESSAGE][INFO] - 0 hidden object(s)

2023-11-03 17:41:24 - [MESSAGE][PASSED] - Taking screenshot successfully
[[ATTACHMENT|keyes\keyes-feed-toggle.png]]

2023-11-03 17:41:24 - [TEST_STEP][PASSED] - closeBrowser(): Browser is closed

2023-11-03 17:41:25 - [MESSAGE][PASSED] - Browser is closed]]></system-out>
         <system-err><![CDATA[]]></system-err>
      </testcase>
      <testcase name="Test Cases/Visual test cases/Shooping sites" time="31.033" classname="Test Cases/Visual test cases/Shooping sites" status="PASSED">
         <system-out><![CDATA[2023-11-03 17:41:25 - [TEST_CASE][PASSED] - Test Cases/Visual test cases/Shooping sites: Test Cases/Visual test cases/Shooping sites

2023-11-03 17:41:25 - [TEST_STEP][PASSED] - openBrowser(""): Browser is opened with url: ''

2023-11-03 17:41:25 - [MESSAGE][INFO] - Starting 'Chrome' driver

2023-11-03 17:41:25 - [MESSAGE][INFO] - Action delay is set to 0 milliseconds

2023-11-03 17:41:27 - [MESSAGE][PASSED] - Browser is opened with url: ''

2023-11-03 17:41:27 - [TEST_STEP][PASSED] - navigateToUrl("https://shacara.com/"): Navigate to 'https://shacara.com/' successfully

2023-11-03 17:41:50 - [MESSAGE][PASSED] - Navigate to 'https://shacara.com/' successfully

2023-11-03 17:41:50 - [TEST_STEP][PASSED] - click(findTestObject("Object Repository/Page_Shacara, Fashion Social Network/h3_Shacara")): Object: 'Object Repository/Page_Shacara, Fashion Social Network/h3_Shacara' is clicked on

2023-11-03 17:41:52 - [MESSAGE][PASSED] - Object: 'Object Repository/Page_Shacara, Fashion Social Network/h3_Shacara' is clicked on

2023-11-03 17:41:52 - [TEST_STEP][PASSED] - takeScreenshotAsCheckpoint("Shacara"): Taking screenshot successfully

2023-11-03 17:41:56 - [MESSAGE][INFO] - 0 hidden object(s)

2023-11-03 17:41:56 - [MESSAGE][PASSED] - Taking screenshot successfully
[[ATTACHMENT|keyes\keyes-Shacara.png]]]]></system-out>
         <system-err><![CDATA[]]></system-err>
      </testcase>
      <testcase name="Test Cases/Visual test cases/Testing web" time="22.452" classname="Test Cases/Visual test cases/Testing web" status="PASSED">
         <system-out><![CDATA[2023-11-03 17:41:56 - [TEST_CASE][PASSED] - Test Cases/Visual test cases/Testing web: Test Cases/Visual test cases/Testing web

2023-11-03 17:41:56 - [TEST_STEP][PASSED] - openBrowser(""): Browser is opened with url: ''

2023-11-03 17:41:56 - [MESSAGE][WARNING] - A browser is already opened. Closing browser and opening a new one

2023-11-03 17:41:57 - [MESSAGE][INFO] - Starting 'Chrome' driver

2023-11-03 17:41:57 - [MESSAGE][INFO] - Action delay is set to 0 milliseconds

2023-11-03 17:41:58 - [MESSAGE][PASSED] - Browser is opened with url: ''

2023-11-03 17:41:58 - [TEST_STEP][PASSED] - navigateToUrl("https://demo.realworld.io/#/"): Navigate to 'https://demo.realworld.io/#/' successfully

2023-11-03 17:42:14 - [MESSAGE][PASSED] - Navigate to 'https://demo.realworld.io/#/' successfully

2023-11-03 17:42:14 - [TEST_STEP][PASSED] - takeScreenshotAsCheckpoint("banner"): Taking screenshot successfully

2023-11-03 17:42:17 - [MESSAGE][INFO] - 0 hidden object(s)

2023-11-03 17:42:17 - [MESSAGE][PASSED] - Taking screenshot successfully
[[ATTACHMENT|keyes\keyes-banner.png]]

2023-11-03 17:42:17 - [TEST_STEP][PASSED] - click(findTestObject("Object Repository/Page_Home  Conduit/h1_conduit")): Object: 'Object Repository/Page_Home  Conduit/h1_conduit' is clicked on

2023-11-03 17:42:17 - [MESSAGE][PASSED] - Object: 'Object Repository/Page_Home  Conduit/h1_conduit' is clicked on

2023-11-03 17:42:17 - [TEST_STEP][PASSED] - closeBrowser(): Browser is closed

2023-11-03 17:42:18 - [MESSAGE][PASSED] - Browser is closed]]></system-out>
         <system-err><![CDATA[]]></system-err>
      </testcase>
      <testcase name="Test Cases/Visual test cases/visual test case 1" time="15.339" classname="Test Cases/Visual test cases/visual test case 1" status="PASSED">
         <system-out><![CDATA[2023-11-03 17:42:18 - [TEST_CASE][PASSED] - Test Cases/Visual test cases/visual test case 1: Test Cases/Visual test cases/visual test case 1

2023-11-03 17:42:19 - [TEST_STEP][PASSED] - openBrowser(""): Browser is opened with url: ''

2023-11-03 17:42:19 - [MESSAGE][INFO] - Starting 'Chrome' driver

2023-11-03 17:42:19 - [MESSAGE][INFO] - Action delay is set to 0 milliseconds

2023-11-03 17:42:20 - [MESSAGE][PASSED] - Browser is opened with url: ''

2023-11-03 17:42:20 - [TEST_STEP][PASSED] - navigateToUrl("https://webflow.com/"): Navigate to 'https://webflow.com/' successfully

2023-11-03 17:42:31 - [MESSAGE][PASSED] - Navigate to 'https://webflow.com/' successfully

2023-11-03 17:42:31 - [TEST_STEP][PASSED] - takeScreenshotAsCheckpoint("main"): Taking screenshot successfully

2023-11-03 17:42:33 - [MESSAGE][INFO] - 0 hidden object(s)

2023-11-03 17:42:33 - [MESSAGE][PASSED] - Taking screenshot successfully
[[ATTACHMENT|keyes\keyes-main.png]]

2023-11-03 17:42:33 - [TEST_STEP][PASSED] - click(findTestObject("Object Repository/Page_Webflow Create a custom website  Visua_cc4ae5/body_-webkit-font-smoothing antialiased-moz_a10992")): Object: 'Object Repository/Page_Webflow Create a custom website  Visua_cc4ae5/body_-webkit-font-smoothing antialiased-moz_a10992' is clicked on

2023-11-03 17:42:34 - [MESSAGE][PASSED] - Object: 'Object Repository/Page_Webflow Create a custom website  Visua_cc4ae5/body_-webkit-font-smoothing antialiased-moz_a10992' is clicked on]]></system-out>
         <system-err><![CDATA[]]></system-err>
      </testcase>
      <testcase name="Test Cases/Visual test cases/Visual test case2" time="8.847" classname="Test Cases/Visual test cases/Visual test case2" status="PASSED">
         <system-out><![CDATA[2023-11-03 17:42:34 - [TEST_CASE][PASSED] - Test Cases/Visual test cases/Visual test case2: Test Cases/Visual test cases/Visual test case2

2023-11-03 17:42:34 - [TEST_STEP][PASSED] - openBrowser(""): Browser is opened with url: ''

2023-11-03 17:42:34 - [MESSAGE][WARNING] - A browser is already opened. Closing browser and opening a new one

2023-11-03 17:42:35 - [MESSAGE][INFO] - Starting 'Chrome' driver

2023-11-03 17:42:35 - [MESSAGE][INFO] - Action delay is set to 0 milliseconds

2023-11-03 17:42:36 - [MESSAGE][PASSED] - Browser is opened with url: ''

2023-11-03 17:42:36 - [TEST_STEP][PASSED] - navigateToUrl("https://www.amazon.in/"): Navigate to 'https://www.amazon.in/' successfully

2023-11-03 17:42:38 - [MESSAGE][PASSED] - Navigate to 'https://www.amazon.in/' successfully

2023-11-03 17:42:38 - [TEST_STEP][PASSED] - click(findTestObject("Object Repository/Page_Online Shopping site in India Shop Onl_10c5f3/span_Update location")): Object: 'Object Repository/Page_Online Shopping site in India Shop Onl_10c5f3/span_Update location' is clicked on

2023-11-03 17:42:39 - [MESSAGE][PASSED] - Object: 'Object Repository/Page_Online Shopping site in India Shop Onl_10c5f3/span_Update location' is clicked on

2023-11-03 17:42:39 - [TEST_STEP][PASSED] - click(findTestObject("Object Repository/Page_Online Shopping site in India Shop Onl_10c5f3/header_Choose your locationChoose your location")): Object: 'Object Repository/Page_Online Shopping site in India Shop Onl_10c5f3/header_Choose your locationChoose your location' is clicked on

2023-11-03 17:42:41 - [MESSAGE][PASSED] - Object: 'Object Repository/Page_Online Shopping site in India Shop Onl_10c5f3/header_Choose your locationChoose your location' is clicked on

2023-11-03 17:42:41 - [TEST_STEP][PASSED] - takeScreenshotAsCheckpoint("GLUXAddressBlook"): Taking screenshot successfully

2023-11-03 17:42:41 - [MESSAGE][INFO] - 0 hidden object(s)

2023-11-03 17:42:42 - [MESSAGE][PASSED] - Taking screenshot successfully
[[ATTACHMENT|keyes\keyes-GLUXAddressBlook.png]]

2023-11-03 17:42:42 - [TEST_STEP][PASSED] - closeBrowser(): Browser is closed

2023-11-03 17:42:42 - [MESSAGE][PASSED] - Browser is closed]]></system-out>
         <system-err><![CDATA[]]></system-err>
      </testcase>
      <system-out><![CDATA[2023-11-03 17:41:05 - [TEST_SUITE][PASSED] - New Test Suite: Test Cases/Visual test cases/Visual test case2]]></system-out>
      <system-err><![CDATA[]]></system-err>
   </testsuite>
</testsuites>
